<?xml version="1.0" encoding="UTF-8"?>

<beans xmlns="http://www.springframework.org/schema/beans"
       xmlns:xsi="http://www.w3.org/2001/XMLSchema-instance"
       xmlns:jdbc="http://www.springframework.org/schema/jdbc"
       xsi:schemaLocation="http://www.springframework.org/schema/beans
        http://www.springframework.org/schema/beans/spring-beans.xsd
        http://www.springframework.org/schema/jdbc
        http://www.springframework.org/schema/jdbc/spring-jdbc-3.0.xsd">

    <bean id="h2DataSource" class="org.apache.commons.dbcp.BasicDataSource" destroy-method="close" >
        <property name="url" value="jdbc:h2:mem:db;TRACE_LEVEL_FILE=4;DB_CLOSE_ON_EXIT=FALSE" />
    </bean>

    <jdbc:initialize-database data-source="h2DataSource">
        <jdbc:script location="classpath:sql/schema.sql"/>
    </jdbc:initialize-database>

    <bean id="personDAO" class="com.guido.dao.person.PersonDAO">
        <property name="dataSource" ref="h2DataSource" />
    </bean>

    <bean id="orderDAO" class="com.guido.dao.order.OrderDAO">
        <property name="dataSource" ref="h2DataSource" />
    </bean>
</beans>